# JRE version: Java(TM) SE Runtime Environment (8.0_65-b17) (build 1.8.0_65-b17)
# Java VM: Java HotSpot(TM) 64-Bit Server VM (25.65-b01 mixed mode bsd-amd64 compressed oops)
Heap:
 PSYoungGen      total 103424K, used 24299K [0x0000000795580000, 0x000000079ff00000, 0x00000007c0000000)
  eden space 99328K, 20% used [0x0000000795580000,0x00000007969a3f98,0x000000079b680000)
  from space 4096K, 89% used [0x000000079b680000,0x000000079ba16eb0,0x000000079ba80000)
  to   space 5120K, 0% used [0x000000079fa00000,0x000000079fa00000,0x000000079ff00000)
 ParOldGen       total 116224K, used 40210K [0x0000000740000000, 0x0000000747180000, 0x0000000795580000)
  object space 116224K, 34% used [0x0000000740000000,0x0000000742744b70,0x0000000747180000)
 Metaspace       used 8973K, capacity 9127K, committed 9216K, reserved 1056768K
  class space    used 917K, capacity 986K, committed 1024K, reserved 1048576K
GC Heap History (10 events):
Event: 1.472 GC heap before
{Heap before GC invocations=4 (full 1):
 PSYoungGen      total 38400K, used 33280K [0x0000000795580000, 0x000000079a080000, 0x00000007c0000000)
  eden space 33280K, 100% used [0x0000000795580000,0x0000000797600000,0x0000000797600000)
  from space 5120K, 0% used [0x0000000797b00000,0x0000000797b00000,0x0000000798000000)
  to   space 5120K, 0% used [0x0000000797600000,0x0000000797600000,0x0000000797b00000)
 ParOldGen       total 116224K, used 17781K [0x0000000740000000, 0x0000000747180000, 0x0000000795580000)
  object space 116224K, 15% used [0x0000000740000000,0x000000074115d490,0x0000000747180000)
 Metaspace       used 8777K, capacity 8935K, committed 9216K, reserved 1056768K
  class space    used 902K, capacity 986K, committed 1024K, reserved 1048576K
Event: 1.473 GC heap after
Heap after GC invocations=4 (full 1):
 PSYoungGen      total 38400K, used 64K [0x0000000795580000, 0x0000000799a80000, 0x00000007c0000000)
  eden space 33280K, 0% used [0x0000000795580000,0x0000000795580000,0x0000000797600000)
  from space 5120K, 1% used [0x0000000797600000,0x0000000797610000,0x0000000797b00000)
  to   space 5120K, 0% used [0x0000000799580000,0x0000000799580000,0x0000000799a80000)
 ParOldGen       total 116224K, used 17781K [0x0000000740000000, 0x0000000747180000, 0x0000000795580000)
  object space 116224K, 15% used [0x0000000740000000,0x000000074115d490,0x0000000747180000)
 Metaspace       used 8777K, capacity 8935K, committed 9216K, reserved 1056768K
  class space    used 902K, capacity 986K, committed 1024K, reserved 1048576K
}
Event: 1.647 GC heap before
{Heap before GC invocations=5 (full 1):
 PSYoungGen      total 38400K, used 33344K [0x0000000795580000, 0x0000000799a80000, 0x00000007c0000000)
  eden space 33280K, 100% used [0x0000000795580000,0x0000000797600000,0x0000000797600000)
  from space 5120K, 1% used [0x0000000797600000,0x0000000797610000,0x0000000797b00000)
  to   space 5120K, 0% used [0x0000000799580000,0x0000000799580000,0x0000000799a80000)
 ParOldGen       total 116224K, used 17781K [0x0000000740000000, 0x0000000747180000, 0x0000000795580000)
  object space 116224K, 15% used [0x0000000740000000,0x000000074115d490,0x0000000747180000)
 Metaspace       used 8777K, capacity 8935K, committed 9216K, reserved 1056768K
  class space    used 902K, capacity 986K, committed 1024K, reserved 1048576K
Event: 1.647 GC heap after
Heap after GC invocations=5 (full 1):
 PSYoungGen      total 62464K, used 64K [0x0000000795580000, 0x0000000799900000, 0x00000007c0000000)
  eden space 58880K, 0% used [0x0000000795580000,0x0000000795580000,0x0000000798f00000)
  from space 3584K, 1% used [0x0000000799580000,0x0000000799590000,0x0000000799900000)
  to   space 5120K, 0% used [0x0000000798f00000,0x0000000798f00000,0x0000000799400000)
 ParOldGen       total 116224K, used 17781K [0x0000000740000000, 0x0000000747180000, 0x0000000795580000)
  object space 116224K, 15% used [0x0000000740000000,0x000000074115d490,0x0000000747180000)
 Metaspace       used 8777K, capacity 8935K, committed 9216K, reserved 1056768K
  class space    used 902K, capacity 986K, committed 1024K, reserved 1048576K
}
Event: 1.852 GC heap before
{Heap before GC invocations=6 (full 1):
 PSYoungGen      total 62464K, used 51875K [0x0000000795580000, 0x0000000799900000, 0x00000007c0000000)
  eden space 58880K, 87% used [0x0000000795580000,0x0000000798818ef8,0x0000000798f00000)
  from space 3584K, 1% used [0x0000000799580000,0x0000000799590000,0x0000000799900000)
  to   space 5120K, 0% used [0x0000000798f00000,0x0000000798f00000,0x0000000799400000)
 ParOldGen       total 116224K, used 17781K [0x0000000740000000, 0x0000000747180000, 0x0000000795580000)
  object space 116224K, 15% used [0x0000000740000000,0x000000074115d490,0x0000000747180000)
 Metaspace       used 8777K, capacity 8935K, committed 9216K, reserved 1056768K
  class space    used 902K, capacity 986K, committed 1024K, reserved 1048576K
Event: 1.856 GC heap after
Heap after GC invocations=6 (full 1):
 PSYoungGen      total 64000K, used 32K [0x0000000795580000, 0x000000079c200000, 0x00000007c0000000)
  eden space 58880K, 0% used [0x0000000795580000,0x0000000795580000,0x0000000798f00000)
  from space 5120K, 0% used [0x0000000798f00000,0x0000000798f08000,0x0000000799400000)
  to   space 4096K, 0% used [0x000000079be00000,0x000000079be00000,0x000000079c200000)
 ParOldGen       total 116224K, used 39156K [0x0000000740000000, 0x0000000747180000, 0x0000000795580000)
  object space 116224K, 33% used [0x0000000740000000,0x000000074263d0a0,0x0000000747180000)
 Metaspace       used 8777K, capacity 8935K, committed 9216K, reserved 1056768K
  class space    used 902K, capacity 986K, committed 1024K, reserved 1048576K
}
Event: 2.122 GC heap before
{Heap before GC invocations=7 (full 1):
 PSYoungGen      total 64000K, used 58912K [0x0000000795580000, 0x000000079c200000, 0x00000007c0000000)
  eden space 58880K, 100% used [0x0000000795580000,0x0000000798f00000,0x0000000798f00000)
  from space 5120K, 0% used [0x0000000798f00000,0x0000000798f08000,0x0000000799400000)
  to   space 4096K, 0% used [0x000000079be00000,0x000000079be00000,0x000000079c200000)
 ParOldGen       total 116224K, used 39156K [0x0000000740000000, 0x0000000747180000, 0x0000000795580000)
  object space 116224K, 33% used [0x0000000740000000,0x000000074263d0a0,0x0000000747180000)
 Metaspace       used 8792K, capacity 8935K, committed 9216K, reserved 1056768K
  class space    used 905K, capacity 986K, committed 1024K, reserved 1048576K
Event: 2.122 GC heap after
Heap after GC invocations=7 (full 1):
 PSYoungGen      total 99840K, used 96K [0x0000000795580000, 0x000000079be80000, 0x00000007c0000000)
  eden space 99328K, 0% used [0x0000000795580000,0x0000000795580000,0x000000079b680000)
  from space 512K, 18% used [0x000000079be00000,0x000000079be18000,0x000000079be80000)
  to   space 4096K, 0% used [0x000000079b680000,0x000000079b680000,0x000000079ba80000)
 ParOldGen       total 116224K, used 39156K [0x0000000740000000, 0x0000000747180000, 0x0000000795580000)
  object space 116224K, 33% used [0x0000000740000000,0x000000074263d0a0,0x0000000747180000)
 Metaspace       used 8792K, capacity 8935K, committed 9216K, reserved 1056768K
  class space    used 905K, capacity 986K, committed 1024K, reserved 1048576K
}
Event: 2.500 GC heap before
{Heap before GC invocations=8 (full 1):
 PSYoungGen      total 99840K, used 98696K [0x0000000795580000, 0x000000079be80000, 0x00000007c0000000)
  eden space 99328K, 99% used [0x0000000795580000,0x000000079b5ca278,0x000000079b680000)
  from space 512K, 18% used [0x000000079be00000,0x000000079be18000,0x000000079be80000)
  to   space 4096K, 0% used [0x000000079b680000,0x000000079b680000,0x000000079ba80000)
 ParOldGen       total 116224K, used 39156K [0x0000000740000000, 0x0000000747180000, 0x0000000795580000)
  object space 116224K, 33% used [0x0000000740000000,0x000000074263d0a0,0x0000000747180000)
 Metaspace       used 8946K, capacity 9127K, committed 9216K, reserved 1056768K
  class space    used 916K, capacity 986K, committed 1024K, reserved 1048576K
Event: 2.502 GC heap after
Heap after GC invocations=8 (full 1):
 PSYoungGen      total 103424K, used 3675K [0x0000000795580000, 0x000000079ff00000, 0x00000007c0000000)
  eden space 99328K, 0% used [0x0000000795580000,0x0000000795580000,0x000000079b680000)
  from space 4096K, 89% used [0x000000079b680000,0x000000079ba16eb0,0x000000079ba80000)
  to   space 5120K, 0% used [0x000000079fa00000,0x000000079fa00000,0x000000079ff00000)
 ParOldGen       total 116224K, used 40210K [0x0000000740000000, 0x0000000747180000, 0x0000000795580000)
  object space 116224K, 34% used [0x0000000740000000,0x0000000742744b70,0x0000000747180000)
 Metaspace       used 8946K, capacity 9127K, committed 9216K, reserved 1056768K
  class space    used 916K, capacity 986K, committed 1024K, reserved 1048576K
}

