# JRE version: Java(TM) SE Runtime Environment (8.0_65-b17) (build 1.8.0_65-b17)
# Java VM: Java HotSpot(TM) 64-Bit Server VM (25.65-b01 mixed mode bsd-amd64 compressed oops)
Heap:
 PSYoungGen      total 101376K, used 25749K [0x0000000795580000, 0x000000079f580000, 0x00000007c0000000)
  eden space 97280K, 26% used [0x0000000795580000,0x0000000796e7d650,0x000000079b480000)
  from space 4096K, 3% used [0x000000079b480000,0x000000079b4a8000,0x000000079b880000)
  to   space 4096K, 0% used [0x000000079f180000,0x000000079f180000,0x000000079f580000)
 ParOldGen       total 116736K, used 39141K [0x0000000740000000, 0x0000000747200000, 0x0000000795580000)
  object space 116736K, 33% used [0x0000000740000000,0x00000007426396b0,0x0000000747200000)
 Metaspace       used 8973K, capacity 9127K, committed 9216K, reserved 1056768K
  class space    used 917K, capacity 986K, committed 1024K, reserved 1048576K
GC Heap History (10 events):
Event: 1.315 GC heap before
{Heap before GC invocations=4 (full 1):
 PSYoungGen      total 38400K, used 33280K [0x0000000795580000, 0x000000079a080000, 0x00000007c0000000)
  eden space 33280K, 100% used [0x0000000795580000,0x0000000797600000,0x0000000797600000)
  from space 5120K, 0% used [0x0000000797b00000,0x0000000797b00000,0x0000000798000000)
  to   space 5120K, 0% used [0x0000000797600000,0x0000000797600000,0x0000000797b00000)
 ParOldGen       total 116736K, used 17766K [0x0000000740000000, 0x0000000747200000, 0x0000000795580000)
  object space 116736K, 15% used [0x0000000740000000,0x0000000741159aa0,0x0000000747200000)
 Metaspace       used 8777K, capacity 8935K, committed 9216K, reserved 1056768K
  class space    used 902K, capacity 986K, committed 1024K, reserved 1048576K
Event: 1.316 GC heap after
Heap after GC invocations=4 (full 1):
 PSYoungGen      total 38400K, used 64K [0x0000000795580000, 0x0000000799a00000, 0x00000007c0000000)
  eden space 33280K, 0% used [0x0000000795580000,0x0000000795580000,0x0000000797600000)
  from space 5120K, 1% used [0x0000000797600000,0x0000000797610000,0x0000000797b00000)
  to   space 5120K, 0% used [0x0000000799500000,0x0000000799500000,0x0000000799a00000)
 ParOldGen       total 116736K, used 17766K [0x0000000740000000, 0x0000000747200000, 0x0000000795580000)
  object space 116736K, 15% used [0x0000000740000000,0x0000000741159aa0,0x0000000747200000)
 Metaspace       used 8777K, capacity 8935K, committed 9216K, reserved 1056768K
  class space    used 902K, capacity 986K, committed 1024K, reserved 1048576K
}
Event: 1.486 GC heap before
{Heap before GC invocations=5 (full 1):
 PSYoungGen      total 38400K, used 33344K [0x0000000795580000, 0x0000000799a00000, 0x00000007c0000000)
  eden space 33280K, 100% used [0x0000000795580000,0x0000000797600000,0x0000000797600000)
  from space 5120K, 1% used [0x0000000797600000,0x0000000797610000,0x0000000797b00000)
  to   space 5120K, 0% used [0x0000000799500000,0x0000000799500000,0x0000000799a00000)
 ParOldGen       total 116736K, used 17766K [0x0000000740000000, 0x0000000747200000, 0x0000000795580000)
  object space 116736K, 15% used [0x0000000740000000,0x0000000741159aa0,0x0000000747200000)
 Metaspace       used 8777K, capacity 8935K, committed 9216K, reserved 1056768K
  class space    used 902K, capacity 986K, committed 1024K, reserved 1048576K
Event: 1.486 GC heap after
Heap after GC invocations=5 (full 1):
 PSYoungGen      total 61952K, used 64K [0x0000000795580000, 0x0000000799880000, 0x00000007c0000000)
  eden space 58368K, 0% used [0x0000000795580000,0x0000000795580000,0x0000000798e80000)
  from space 3584K, 1% used [0x0000000799500000,0x0000000799510000,0x0000000799880000)
  to   space 5120K, 0% used [0x0000000798e80000,0x0000000798e80000,0x0000000799380000)
 ParOldGen       total 116736K, used 17766K [0x0000000740000000, 0x0000000747200000, 0x0000000795580000)
  object space 116736K, 15% used [0x0000000740000000,0x0000000741159aa0,0x0000000747200000)
 Metaspace       used 8777K, capacity 8935K, committed 9216K, reserved 1056768K
  class space    used 902K, capacity 986K, committed 1024K, reserved 1048576K
}
Event: 1.694 GC heap before
{Heap before GC invocations=6 (full 1):
 PSYoungGen      total 61952K, used 51629K [0x0000000795580000, 0x0000000799880000, 0x00000007c0000000)
  eden space 58368K, 88% used [0x0000000795580000,0x00000007987db568,0x0000000798e80000)
  from space 3584K, 1% used [0x0000000799500000,0x0000000799510000,0x0000000799880000)
  to   space 5120K, 0% used [0x0000000798e80000,0x0000000798e80000,0x0000000799380000)
 ParOldGen       total 116736K, used 17766K [0x0000000740000000, 0x0000000747200000, 0x0000000795580000)
  object space 116736K, 15% used [0x0000000740000000,0x0000000741159aa0,0x0000000747200000)
 Metaspace       used 8777K, capacity 8935K, committed 9216K, reserved 1056768K
  class space    used 902K, capacity 986K, committed 1024K, reserved 1048576K
Event: 1.697 GC heap after
Heap after GC invocations=6 (full 1):
 PSYoungGen      total 63488K, used 32K [0x0000000795580000, 0x000000079c000000, 0x00000007c0000000)
  eden space 58368K, 0% used [0x0000000795580000,0x0000000795580000,0x0000000798e80000)
  from space 5120K, 0% used [0x0000000798e80000,0x0000000798e88000,0x0000000799380000)
  to   space 4096K, 0% used [0x000000079bc00000,0x000000079bc00000,0x000000079c000000)
 ParOldGen       total 116736K, used 39141K [0x0000000740000000, 0x0000000747200000, 0x0000000795580000)
  object space 116736K, 33% used [0x0000000740000000,0x00000007426396b0,0x0000000747200000)
 Metaspace       used 8777K, capacity 8935K, committed 9216K, reserved 1056768K
  class space    used 902K, capacity 986K, committed 1024K, reserved 1048576K
}
Event: 1.968 GC heap before
{Heap before GC invocations=7 (full 1):
 PSYoungGen      total 63488K, used 58400K [0x0000000795580000, 0x000000079c000000, 0x00000007c0000000)
  eden space 58368K, 100% used [0x0000000795580000,0x0000000798e80000,0x0000000798e80000)
  from space 5120K, 0% used [0x0000000798e80000,0x0000000798e88000,0x0000000799380000)
  to   space 4096K, 0% used [0x000000079bc00000,0x000000079bc00000,0x000000079c000000)
 ParOldGen       total 116736K, used 39141K [0x0000000740000000, 0x0000000747200000, 0x0000000795580000)
  object space 116736K, 33% used [0x0000000740000000,0x00000007426396b0,0x0000000747200000)
 Metaspace       used 8777K, capacity 8935K, committed 9216K, reserved 1056768K
  class space    used 902K, capacity 986K, committed 1024K, reserved 1048576K
Event: 1.968 GC heap after
Heap after GC invocations=7 (full 1):
 PSYoungGen      total 97792K, used 64K [0x0000000795580000, 0x000000079bc80000, 0x00000007c0000000)
  eden space 97280K, 0% used [0x0000000795580000,0x0000000795580000,0x000000079b480000)
  from space 512K, 12% used [0x000000079bc00000,0x000000079bc10000,0x000000079bc80000)
  to   space 4096K, 0% used [0x000000079b480000,0x000000079b480000,0x000000079b880000)
 ParOldGen       total 116736K, used 39141K [0x0000000740000000, 0x0000000747200000, 0x0000000795580000)
  object space 116736K, 33% used [0x0000000740000000,0x00000007426396b0,0x0000000747200000)
 Metaspace       used 8777K, capacity 8935K, committed 9216K, reserved 1056768K
  class space    used 902K, capacity 986K, committed 1024K, reserved 1048576K
}
Event: 2.301 GC heap before
{Heap before GC invocations=8 (full 1):
 PSYoungGen      total 97792K, used 96505K [0x0000000795580000, 0x000000079bc80000, 0x00000007c0000000)
  eden space 97280K, 99% used [0x0000000795580000,0x000000079b3ae698,0x000000079b480000)
  from space 512K, 12% used [0x000000079bc00000,0x000000079bc10000,0x000000079bc80000)
  to   space 4096K, 0% used [0x000000079b480000,0x000000079b480000,0x000000079b880000)
 ParOldGen       total 116736K, used 39141K [0x0000000740000000, 0x0000000747200000, 0x0000000795580000)
  object space 116736K, 33% used [0x0000000740000000,0x00000007426396b0,0x0000000747200000)
 Metaspace       used 8946K, capacity 9127K, committed 9216K, reserved 1056768K
  class space    used 916K, capacity 986K, committed 1024K, reserved 1048576K
Event: 2.301 GC heap after
Heap after GC invocations=8 (full 1):
 PSYoungGen      total 101376K, used 160K [0x0000000795580000, 0x000000079f580000, 0x00000007c0000000)
  eden space 97280K, 0% used [0x0000000795580000,0x0000000795580000,0x000000079b480000)
  from space 4096K, 3% used [0x000000079b480000,0x000000079b4a8000,0x000000079b880000)
  to   space 4096K, 0% used [0x000000079f180000,0x000000079f180000,0x000000079f580000)
 ParOldGen       total 116736K, used 39141K [0x0000000740000000, 0x0000000747200000, 0x0000000795580000)
  object space 116736K, 33% used [0x0000000740000000,0x00000007426396b0,0x0000000747200000)
 Metaspace       used 8946K, capacity 9127K, committed 9216K, reserved 1056768K
  class space    used 916K, capacity 986K, committed 1024K, reserved 1048576K
}

