# JRE version: Java(TM) SE Runtime Environment (8.0_65-b17) (build 1.8.0_65-b17)
# Java VM: Java HotSpot(TM) 64-Bit Server VM (25.65-b01 mixed mode bsd-amd64 compressed oops)
Heap:
 PSYoungGen      total 176640K, used 48586K [0x0000000795580000, 0x00000007a3080000, 0x00000007c0000000)
  eden space 163840K, 22% used [0x0000000795580000,0x00000007978d28f0,0x000000079f580000)
  from space 12800K, 97% used [0x00000007a0f80000,0x00000007a1ba0030,0x00000007a1c00000)
  to   space 20992K, 0% used [0x00000007a1c00000,0x00000007a1c00000,0x00000007a3080000)
 ParOldGen       total 87552K, used 33658K [0x0000000740000000, 0x0000000745580000, 0x0000000795580000)
  object space 87552K, 38% used [0x0000000740000000,0x00000007420deb80,0x0000000745580000)
 Metaspace       used 7845K, capacity 7999K, committed 8064K, reserved 1056768K
  class space    used 782K, capacity 862K, committed 896K, reserved 1048576K
GC Heap History (10 events):
Event: 4.401 GC heap before
{Heap before GC invocations=11 (full 0):
 PSYoungGen      total 131584K, used 130282K [0x0000000795580000, 0x00000007a6700000, 0x00000007c0000000)
  eden space 118784K, 99% used [0x0000000795580000,0x000000079c892948,0x000000079c980000)
  from space 12800K, 97% used [0x00000007a5a80000,0x00000007a66a8030,0x00000007a6700000)
  to   space 22528K, 0% used [0x00000007a3b00000,0x00000007a3b00000,0x00000007a5100000)
 ParOldGen       total 87552K, used 33522K [0x0000000740000000, 0x0000000745580000, 0x0000000795580000)
  object space 87552K, 38% used [0x0000000740000000,0x00000007420bcb80,0x0000000745580000)
 Metaspace       used 7598K, capacity 7807K, committed 8064K, reserved 1056768K
  class space    used 773K, capacity 862K, committed 896K, reserved 1048576K
Event: 4.402 GC heap after
Heap after GC invocations=11 (full 0):
 PSYoungGen      total 114688K, used 128K [0x0000000795580000, 0x00000007a5b00000, 0x00000007c0000000)
  eden space 114176K, 0% used [0x0000000795580000,0x0000000795580000,0x000000079c500000)
  from space 512K, 25% used [0x00000007a3b00000,0x00000007a3b20000,0x00000007a3b80000)
  to   space 22016K, 0% used [0x00000007a4580000,0x00000007a4580000,0x00000007a5b00000)
 ParOldGen       total 87552K, used 33554K [0x0000000740000000, 0x0000000745580000, 0x0000000795580000)
  object space 87552K, 38% used [0x0000000740000000,0x00000007420c4b80,0x0000000745580000)
 Metaspace       used 7598K, capacity 7807K, committed 8064K, reserved 1056768K
  class space    used 773K, capacity 862K, committed 896K, reserved 1048576K
}
Event: 4.839 GC heap before
{Heap before GC invocations=12 (full 0):
 PSYoungGen      total 114688K, used 112359K [0x0000000795580000, 0x00000007a5b00000, 0x00000007c0000000)
  eden space 114176K, 98% used [0x0000000795580000,0x000000079c319c20,0x000000079c500000)
  from space 512K, 25% used [0x00000007a3b00000,0x00000007a3b20000,0x00000007a3b80000)
  to   space 22016K, 0% used [0x00000007a4580000,0x00000007a4580000,0x00000007a5b00000)
 ParOldGen       total 87552K, used 33554K [0x0000000740000000, 0x0000000745580000, 0x0000000795580000)
  object space 87552K, 38% used [0x0000000740000000,0x00000007420c4b80,0x0000000745580000)
 Metaspace       used 7598K, capacity 7807K, committed 8064K, reserved 1056768K
  class space    used 773K, capacity 862K, committed 896K, reserved 1048576K
Event: 4.839 GC heap after
Heap after GC invocations=12 (full 0):
 PSYoungGen      total 110592K, used 160K [0x0000000795580000, 0x00000007a4600000, 0x00000007c0000000)
  eden space 110080K, 0% used [0x0000000795580000,0x0000000795580000,0x000000079c100000)
  from space 512K, 31% used [0x00000007a4580000,0x00000007a45a8000,0x00000007a4600000)
  to   space 21504K, 0% used [0x00000007a1c00000,0x00000007a1c00000,0x00000007a3100000)
 ParOldGen       total 87552K, used 33586K [0x0000000740000000, 0x0000000745580000, 0x0000000795580000)
  object space 87552K, 38% used [0x0000000740000000,0x00000007420ccb80,0x0000000745580000)
 Metaspace       used 7598K, capacity 7807K, committed 8064K, reserved 1056768K
  class space    used 773K, capacity 862K, committed 896K, reserved 1048576K
}
Event: 5.234 GC heap before
{Heap before GC invocations=13 (full 0):
 PSYoungGen      total 110592K, used 109046K [0x0000000795580000, 0x00000007a4600000, 0x00000007c0000000)
  eden space 110080K, 98% used [0x0000000795580000,0x000000079bfd5838,0x000000079c100000)
  from space 512K, 31% used [0x00000007a4580000,0x00000007a45a8000,0x00000007a4600000)
  to   space 21504K, 0% used [0x00000007a1c00000,0x00000007a1c00000,0x00000007a3100000)
 ParOldGen       total 87552K, used 33586K [0x0000000740000000, 0x0000000745580000, 0x0000000795580000)
  object space 87552K, 38% used [0x0000000740000000,0x00000007420ccb80,0x0000000745580000)
 Metaspace       used 7604K, capacity 7807K, committed 8064K, reserved 1056768K
  class space    used 773K, capacity 862K, committed 896K, reserved 1048576K
Event: 5.240 GC heap after
Heap after GC invocations=13 (full 0):
 PSYoungGen      total 118784K, used 12448K [0x0000000795580000, 0x00000007a4600000, 0x00000007c0000000)
  eden space 105984K, 0% used [0x0000000795580000,0x0000000795580000,0x000000079bd00000)
  from space 12800K, 97% used [0x00000007a1c00000,0x00000007a2828030,0x00000007a2880000)
  to   space 22528K, 0% used [0x00000007a3000000,0x00000007a3000000,0x00000007a4600000)
 ParOldGen       total 87552K, used 33610K [0x0000000740000000, 0x0000000745580000, 0x0000000795580000)
  object space 87552K, 38% used [0x0000000740000000,0x00000007420d2b80,0x0000000745580000)
 Metaspace       used 7604K, capacity 7807K, committed 8064K, reserved 1056768K
  class space    used 773K, capacity 862K, committed 896K, reserved 1048576K
}
Event: 5.630 GC heap before
{Heap before GC invocations=14 (full 0):
 PSYoungGen      total 118784K, used 114852K [0x0000000795580000, 0x00000007a4600000, 0x00000007c0000000)
  eden space 105984K, 96% used [0x0000000795580000,0x000000079b981188,0x000000079bd00000)
  from space 12800K, 97% used [0x00000007a1c00000,0x00000007a2828030,0x00000007a2880000)
  to   space 22528K, 0% used [0x00000007a3000000,0x00000007a3000000,0x00000007a4600000)
 ParOldGen       total 87552K, used 33610K [0x0000000740000000, 0x0000000745580000, 0x0000000795580000)
  object space 87552K, 38% used [0x0000000740000000,0x00000007420d2b80,0x0000000745580000)
 Metaspace       used 7624K, capacity 7807K, committed 8064K, reserved 1056768K
  class space    used 773K, capacity 862K, committed 896K, reserved 1048576K
Event: 5.636 GC heap after
Heap after GC invocations=14 (full 0):
 PSYoungGen      total 115200K, used 12448K [0x0000000795580000, 0x00000007a3c80000, 0x00000007c0000000)
  eden space 102400K, 0% used [0x0000000795580000,0x0000000795580000,0x000000079b980000)
  from space 12800K, 97% used [0x00000007a3000000,0x00000007a3c28030,0x00000007a3c80000)
  to   space 23040K, 0% used [0x00000007a0f80000,0x00000007a0f80000,0x00000007a2600000)
 ParOldGen       total 87552K, used 33634K [0x0000000740000000, 0x0000000745580000, 0x0000000795580000)
  object space 87552K, 38% used [0x0000000740000000,0x00000007420d8b80,0x0000000745580000)
 Metaspace       used 7624K, capacity 7807K, committed 8064K, reserved 1056768K
  class space    used 773K, capacity 862K, committed 896K, reserved 1048576K
}
Event: 6.029 GC heap before
{Heap before GC invocations=15 (full 0):
 PSYoungGen      total 115200K, used 112417K [0x0000000795580000, 0x00000007a3c80000, 0x00000007c0000000)
  eden space 102400K, 97% used [0x0000000795580000,0x000000079b720560,0x000000079b980000)
  from space 12800K, 97% used [0x00000007a3000000,0x00000007a3c28030,0x00000007a3c80000)
  to   space 23040K, 0% used [0x00000007a0f80000,0x00000007a0f80000,0x00000007a2600000)
 ParOldGen       total 87552K, used 33634K [0x0000000740000000, 0x0000000745580000, 0x0000000795580000)
  object space 87552K, 38% used [0x0000000740000000,0x00000007420d8b80,0x0000000745580000)
 Metaspace       used 7626K, capacity 7807K, committed 8064K, reserved 1056768K
  class space    used 773K, capacity 862K, committed 896K, reserved 1048576K
Event: 6.035 GC heap after
Heap after GC invocations=15 (full 0):
 PSYoungGen      total 176640K, used 12416K [0x0000000795580000, 0x00000007a3080000, 0x00000007c0000000)
  eden space 163840K, 0% used [0x0000000795580000,0x0000000795580000,0x000000079f580000)
  from space 12800K, 97% used [0x00000007a0f80000,0x00000007a1ba0030,0x00000007a1c00000)
  to   space 20992K, 0% used [0x00000007a1c00000,0x00000007a1c00000,0x00000007a3080000)
 ParOldGen       total 87552K, used 33658K [0x0000000740000000, 0x0000000745580000, 0x0000000795580000)
  object space 87552K, 38% used [0x0000000740000000,0x00000007420deb80,0x0000000745580000)
 Metaspace       used 7626K, capacity 7807K, committed 8064K, reserved 1056768K
  class space    used 773K, capacity 862K, committed 896K, reserved 1048576K
}

